<?xml version="1.0" encoding="UTF-8"?>
<!-- Generated by org.testng.reporters.JUnitReportReporter -->
<testsuite skipped="1" hostname="MIRITQLTFREA2" name="DDT.JpayLoginExcel" tests="1" failures="0" timestamp="11 Sep 2018 15:02:27 GMT" time="0.000" errors="0">
  <testcase name="loginWWW" time="0.000" classname="DDT.JpayLoginExcel">
    <skipped/>
  </testcase> <!-- loginWWW -->
</testsuite> <!-- DDT.JpayLoginExcel -->
